140324  8:26:32 [Note] Plugin 'FEDERATED' is disabled.
140324  8:26:32 InnoDB: The InnoDB memory heap is disabled
140324  8:26:32 InnoDB: Mutexes and rw_locks use Windows interlocked functions
140324  8:26:32 InnoDB: Compressed tables use zlib 1.2.3
140324  8:26:32 InnoDB: Initializing buffer pool, size = 128.0M
140324  8:26:32 InnoDB: Completed initialization of buffer pool
InnoDB: The first specified data file .\ibdata1 did not exist:
InnoDB: a new database to be created!
140324  8:26:32  InnoDB: Setting file .\ibdata1 size to 10 MB
InnoDB: Database physically writes the file full: wait...
140324  8:26:33  InnoDB: Log file .\ib_logfile0 did not exist: new to be created
InnoDB: Setting log file .\ib_logfile0 size to 5 MB
InnoDB: Database physically writes the file full: wait...
140324  8:26:33  InnoDB: Log file .\ib_logfile1 did not exist: new to be created
InnoDB: Setting log file .\ib_logfile1 size to 5 MB
InnoDB: Database physically writes the file full: wait...
InnoDB: Doublewrite buffer not found: creating new
InnoDB: Doublewrite buffer created
InnoDB: 127 rollback segment(s) active.
InnoDB: Creating foreign key constraint system tables
InnoDB: Foreign key constraint system tables created
140324  8:26:34  InnoDB: Waiting for the background threads to start
140324  8:26:35 InnoDB: 1.1.8 started; log sequence number 0
140324  8:26:35 [Note] Server hostname (bind-address): '127.0.0.1'; port: 3306
140324  8:26:35 [Note]   - '127.0.0.1' resolves to '127.0.0.1';
140324  8:26:35 [Note] Server socket created on IP: '127.0.0.1'.
140324  8:26:35 [Note] Event Scheduler: Loaded 0 events
140324  8:26:35 [Note] \usr\local\mysql-5.5\bin\mysqld.exe: ready for connections.
Version: '5.5.25'  socket: ''  port: 3306  MySQL Community Server (GPL)
140324  8:27:01 [Note] Plugin 'FEDERATED' is disabled.
140324  8:27:01 InnoDB: The InnoDB memory heap is disabled
140324  8:27:01 InnoDB: Mutexes and rw_locks use Windows interlocked functions
140324  8:27:01 InnoDB: Compressed tables use zlib 1.2.3
140324  8:27:01 InnoDB: Initializing buffer pool, size = 128.0M
140324  8:27:01 InnoDB: Completed initialization of buffer pool
140324  8:27:01 InnoDB: highest supported file format is Barracuda.
InnoDB: The log sequence number in ibdata files does not match
InnoDB: the log sequence number in the ib_logfiles!
140324  8:27:01  InnoDB: Database was not shut down normally!
InnoDB: Starting crash recovery.
InnoDB: Reading tablespace information from the .ibd files...
InnoDB: Restoring possible half-written data pages from the doublewrite
InnoDB: buffer...
140324  8:27:01  InnoDB: Waiting for the background threads to start
140324  8:27:02 InnoDB: 1.1.8 started; log sequence number 1595675
140324  8:27:02 [Note] Server hostname (bind-address): '127.0.0.1'; port: 3306
140324  8:27:02 [Note]   - '127.0.0.1' resolves to '127.0.0.1';
140324  8:27:02 [Note] Server socket created on IP: '127.0.0.1'.
140324  8:27:02 [Note] Event Scheduler: Loaded 0 events
140324  8:27:02 [Note] \usr\local\mysql-5.5\bin\mysqld.exe: ready for connections.
Version: '5.5.25'  socket: ''  port: 3306  MySQL Community Server (GPL)
140324  8:33:32 [Note] Plugin 'FEDERATED' is disabled.
140324  8:33:32 InnoDB: The InnoDB memory heap is disabled
140324  8:33:32 InnoDB: Mutexes and rw_locks use Windows interlocked functions
140324  8:33:32 InnoDB: Compressed tables use zlib 1.2.3
140324  8:33:32 InnoDB: Initializing buffer pool, size = 128.0M
140324  8:33:32 InnoDB: Completed initialization of buffer pool
140324  8:33:32 InnoDB: highest supported file format is Barracuda.
InnoDB: The log sequence number in ibdata files does not match
InnoDB: the log sequence number in the ib_logfiles!
140324  8:33:32  InnoDB: Database was not shut down normally!
InnoDB: Starting crash recovery.
InnoDB: Reading tablespace information from the .ibd files...
InnoDB: Restoring possible half-written data pages from the doublewrite
InnoDB: buffer...
140324  8:33:32  InnoDB: Waiting for the background threads to start
140324  8:33:33 InnoDB: 1.1.8 started; log sequence number 1595675
140324  8:33:33 [Note] Server hostname (bind-address): '127.0.0.1'; port: 3306
140324  8:33:33 [Note]   - '127.0.0.1' resolves to '127.0.0.1';
140324  8:33:33 [Note] Server socket created on IP: '127.0.0.1'.
140324  8:33:33 [Note] Event Scheduler: Loaded 0 events
140324  8:33:33 [Note] \usr\local\mysql-5.5\bin\mysqld.exe: ready for connections.
Version: '5.5.25'  socket: ''  port: 3306  MySQL Community Server (GPL)
140324  8:35:05 [Note] Plugin 'FEDERATED' is disabled.
140324  8:35:05 InnoDB: The InnoDB memory heap is disabled
140324  8:35:05 InnoDB: Mutexes and rw_locks use Windows interlocked functions
140324  8:35:05 InnoDB: Compressed tables use zlib 1.2.3
140324  8:35:05 InnoDB: Initializing buffer pool, size = 128.0M
140324  8:35:05 InnoDB: Completed initialization of buffer pool
140324  8:35:05 InnoDB: highest supported file format is Barracuda.
InnoDB: The log sequence number in ibdata files does not match
InnoDB: the log sequence number in the ib_logfiles!
140324  8:35:05  InnoDB: Database was not shut down normally!
InnoDB: Starting crash recovery.
InnoDB: Reading tablespace information from the .ibd files...
InnoDB: Restoring possible half-written data pages from the doublewrite
InnoDB: buffer...
140324  8:35:07  InnoDB: Waiting for the background threads to start
140324  8:35:08 InnoDB: 1.1.8 started; log sequence number 1595675
140324  8:35:08 [Note] Server hostname (bind-address): '127.0.0.1'; port: 3306
140324  8:35:08 [Note]   - '127.0.0.1' resolves to '127.0.0.1';
140324  8:35:08 [Note] Server socket created on IP: '127.0.0.1'.
140324  8:35:08 [Note] Event Scheduler: Loaded 0 events
140324  8:35:08 [Note] \usr\local\mysql-5.5\bin\mysqld.exe: ready for connections.
Version: '5.5.25'  socket: ''  port: 3306  MySQL Community Server (GPL)
140325  8:34:41 [Note] Plugin 'FEDERATED' is disabled.
140325  8:34:41 InnoDB: The InnoDB memory heap is disabled
140325  8:34:41 InnoDB: Mutexes and rw_locks use Windows interlocked functions
140325  8:34:41 InnoDB: Compressed tables use zlib 1.2.3
140325  8:34:42 InnoDB: Initializing buffer pool, size = 128.0M
140325  8:34:42 InnoDB: Completed initialization of buffer pool
140325  8:34:42 InnoDB: highest supported file format is Barracuda.
InnoDB: The log sequence number in ibdata files does not match
InnoDB: the log sequence number in the ib_logfiles!
140325  8:34:42  InnoDB: Database was not shut down normally!
InnoDB: Starting crash recovery.
InnoDB: Reading tablespace information from the .ibd files...
InnoDB: Restoring possible half-written data pages from the doublewrite
InnoDB: buffer...
140325  8:34:44  InnoDB: Waiting for the background threads to start
140325  8:34:45 InnoDB: 1.1.8 started; log sequence number 1595675
140325  8:34:45 [Note] Server hostname (bind-address): '127.0.0.1'; port: 3306
140325  8:34:45 [Note]   - '127.0.0.1' resolves to '127.0.0.1';
140325  8:34:45 [Note] Server socket created on IP: '127.0.0.1'.
140325  8:34:45 [Note] Event Scheduler: Loaded 0 events
140325  8:34:45 [Note] \usr\local\mysql-5.5\bin\mysqld.exe: ready for connections.
Version: '5.5.25'  socket: ''  port: 3306  MySQL Community Server (GPL)
140325  8:38:13 [Note] Plugin 'FEDERATED' is disabled.
140325  8:38:13 InnoDB: The InnoDB memory heap is disabled
140325  8:38:13 InnoDB: Mutexes and rw_locks use Windows interlocked functions
140325  8:38:13 InnoDB: Compressed tables use zlib 1.2.3
140325  8:38:13 InnoDB: Initializing buffer pool, size = 128.0M
140325  8:38:13 InnoDB: Completed initialization of buffer pool
140325  8:38:13 InnoDB: highest supported file format is Barracuda.
InnoDB: The log sequence number in ibdata files does not match
InnoDB: the log sequence number in the ib_logfiles!
140325  8:38:13  InnoDB: Database was not shut down normally!
InnoDB: Starting crash recovery.
InnoDB: Reading tablespace information from the .ibd files...
InnoDB: Restoring possible half-written data pages from the doublewrite
InnoDB: buffer...
140325  8:38:13  InnoDB: Waiting for the background threads to start
140325  8:38:14 InnoDB: 1.1.8 started; log sequence number 1595675
140325  8:38:14 [Note] Server hostname (bind-address): '127.0.0.1'; port: 3306
140325  8:38:14 [Note]   - '127.0.0.1' resolves to '127.0.0.1';
140325  8:38:14 [Note] Server socket created on IP: '127.0.0.1'.
140325  8:38:15 [Note] Event Scheduler: Loaded 0 events
140325  8:38:15 [Note] \usr\local\mysql-5.5\bin\mysqld.exe: ready for connections.
Version: '5.5.25'  socket: ''  port: 3306  MySQL Community Server (GPL)
140331  9:41:01 [Note] Plugin 'FEDERATED' is disabled.
140331  9:41:01 InnoDB: The InnoDB memory heap is disabled
140331  9:41:01 InnoDB: Mutexes and rw_locks use Windows interlocked functions
140331  9:41:01 InnoDB: Compressed tables use zlib 1.2.3
140331  9:41:01 InnoDB: Initializing buffer pool, size = 128.0M
140331  9:41:01 InnoDB: Completed initialization of buffer pool
140331  9:41:01 InnoDB: highest supported file format is Barracuda.
InnoDB: The log sequence number in ibdata files does not match
InnoDB: the log sequence number in the ib_logfiles!
140331  9:41:01  InnoDB: Database was not shut down normally!
InnoDB: Starting crash recovery.
InnoDB: Reading tablespace information from the .ibd files...
InnoDB: Restoring possible half-written data pages from the doublewrite
InnoDB: buffer...
140331  9:41:02  InnoDB: Waiting for the background threads to start
140331  9:41:03 InnoDB: 1.1.8 started; log sequence number 1595675
140331  9:41:03 [Note] Server hostname (bind-address): '127.0.0.1'; port: 3306
140331  9:41:03 [Note]   - '127.0.0.1' resolves to '127.0.0.1';
140331  9:41:03 [Note] Server socket created on IP: '127.0.0.1'.
140331  9:41:03 [Note] Event Scheduler: Loaded 0 events
140331  9:41:03 [Note] \usr\local\mysql-5.5\bin\mysqld.exe: ready for connections.
Version: '5.5.25'  socket: ''  port: 3306  MySQL Community Server (GPL)
140331  9:41:23 [Note] Plugin 'FEDERATED' is disabled.
140331  9:41:23 InnoDB: The InnoDB memory heap is disabled
140331  9:41:23 InnoDB: Mutexes and rw_locks use Windows interlocked functions
140331  9:41:23 InnoDB: Compressed tables use zlib 1.2.3
140331  9:41:23 InnoDB: Initializing buffer pool, size = 128.0M
140331  9:41:23 InnoDB: Completed initialization of buffer pool
140331  9:41:23 InnoDB: highest supported file format is Barracuda.
InnoDB: The log sequence number in ibdata files does not match
InnoDB: the log sequence number in the ib_logfiles!
140331  9:41:23  InnoDB: Database was not shut down normally!
InnoDB: Starting crash recovery.
InnoDB: Reading tablespace information from the .ibd files...
InnoDB: Restoring possible half-written data pages from the doublewrite
InnoDB: buffer...
140331  9:41:23  InnoDB: Waiting for the background threads to start
140331  9:41:24 InnoDB: 1.1.8 started; log sequence number 1595675
140331  9:41:24 [Note] Server hostname (bind-address): '127.0.0.1'; port: 3306
140331  9:41:24 [Note]   - '127.0.0.1' resolves to '127.0.0.1';
140331  9:41:24 [Note] Server socket created on IP: '127.0.0.1'.
140331  9:41:24 [Note] Event Scheduler: Loaded 0 events
140331  9:41:24 [Note] \usr\local\mysql-5.5\bin\mysqld.exe: ready for connections.
Version: '5.5.25'  socket: ''  port: 3306  MySQL Community Server (GPL)
140401  9:04:50 [Note] Plugin 'FEDERATED' is disabled.
140401  9:04:50 InnoDB: The InnoDB memory heap is disabled
140401  9:04:50 InnoDB: Mutexes and rw_locks use Windows interlocked functions
140401  9:04:50 InnoDB: Compressed tables use zlib 1.2.3
140401  9:04:51 InnoDB: Initializing buffer pool, size = 128.0M
140401  9:04:51 InnoDB: Completed initialization of buffer pool
140401  9:04:51 InnoDB: highest supported file format is Barracuda.
InnoDB: The log sequence number in ibdata files does not match
InnoDB: the log sequence number in the ib_logfiles!
140401  9:04:51  InnoDB: Database was not shut down normally!
InnoDB: Starting crash recovery.
InnoDB: Reading tablespace information from the .ibd files...
InnoDB: Restoring possible half-written data pages from the doublewrite
InnoDB: buffer...
140401  9:04:53  InnoDB: Waiting for the background threads to start
140401  9:04:54 InnoDB: 1.1.8 started; log sequence number 1595675
140401  9:04:54 [Note] Server hostname (bind-address): '127.0.0.1'; port: 3306
140401  9:04:54 [Note]   - '127.0.0.1' resolves to '127.0.0.1';
140401  9:04:54 [Note] Server socket created on IP: '127.0.0.1'.
140401  9:04:57 [Note] Event Scheduler: Loaded 0 events
140401  9:04:57 [Note] \usr\local\mysql-5.5\bin\mysqld.exe: ready for connections.
Version: '5.5.25'  socket: ''  port: 3306  MySQL Community Server (GPL)
140402  8:26:19 [Note] Plugin 'FEDERATED' is disabled.
140402  8:26:19 InnoDB: The InnoDB memory heap is disabled
140402  8:26:19 InnoDB: Mutexes and rw_locks use Windows interlocked functions
140402  8:26:19 InnoDB: Compressed tables use zlib 1.2.3
140402  8:26:19 InnoDB: Initializing buffer pool, size = 128.0M
140402  8:26:19 InnoDB: Completed initialization of buffer pool
140402  8:26:20 InnoDB: highest supported file format is Barracuda.
InnoDB: The log sequence number in ibdata files does not match
InnoDB: the log sequence number in the ib_logfiles!
140402  8:26:20  InnoDB: Database was not shut down normally!
InnoDB: Starting crash recovery.
InnoDB: Reading tablespace information from the .ibd files...
InnoDB: Restoring possible half-written data pages from the doublewrite
InnoDB: buffer...
140402  8:26:21  InnoDB: Waiting for the background threads to start
140402  8:26:22 InnoDB: 1.1.8 started; log sequence number 1595675
140402  8:26:22 [Note] Server hostname (bind-address): '127.0.0.1'; port: 3306
140402  8:26:22 [Note]   - '127.0.0.1' resolves to '127.0.0.1';
140402  8:26:22 [Note] Server socket created on IP: '127.0.0.1'.
140402  8:26:22 [Note] Event Scheduler: Loaded 0 events
140402  8:26:22 [Note] \usr\local\mysql-5.5\bin\mysqld.exe: ready for connections.
Version: '5.5.25'  socket: ''  port: 3306  MySQL Community Server (GPL)
140404  9:18:09 [Note] Plugin 'FEDERATED' is disabled.
140404  9:18:10 InnoDB: The InnoDB memory heap is disabled
140404  9:18:10 InnoDB: Mutexes and rw_locks use Windows interlocked functions
140404  9:18:10 InnoDB: Compressed tables use zlib 1.2.3
140404  9:18:10 InnoDB: Initializing buffer pool, size = 128.0M
140404  9:18:10 InnoDB: Completed initialization of buffer pool
140404  9:18:10 InnoDB: highest supported file format is Barracuda.
InnoDB: The log sequence number in ibdata files does not match
InnoDB: the log sequence number in the ib_logfiles!
140404  9:18:10  InnoDB: Database was not shut down normally!
InnoDB: Starting crash recovery.
InnoDB: Reading tablespace information from the .ibd files...
InnoDB: Restoring possible half-written data pages from the doublewrite
InnoDB: buffer...
140404  9:18:11  InnoDB: Waiting for the background threads to start
140404  9:18:12 InnoDB: 1.1.8 started; log sequence number 1595675
140404  9:18:12 [Note] Server hostname (bind-address): '127.0.0.1'; port: 3306
140404  9:18:12 [Note]   - '127.0.0.1' resolves to '127.0.0.1';
140404  9:18:12 [Note] Server socket created on IP: '127.0.0.1'.
140404  9:18:12 [Note] Event Scheduler: Loaded 0 events
140404  9:18:12 [Note] \usr\local\mysql-5.5\bin\mysqld.exe: ready for connections.
Version: '5.5.25'  socket: ''  port: 3306  MySQL Community Server (GPL)
140404 11:20:17 [Note] Plugin 'FEDERATED' is disabled.
140404 11:20:17 InnoDB: The InnoDB memory heap is disabled
140404 11:20:17 InnoDB: Mutexes and rw_locks use Windows interlocked functions
140404 11:20:17 InnoDB: Compressed tables use zlib 1.2.3
140404 11:20:17 InnoDB: Initializing buffer pool, size = 128.0M
140404 11:20:17 InnoDB: Completed initialization of buffer pool
140404 11:20:17 InnoDB: highest supported file format is Barracuda.
InnoDB: The log sequence number in ibdata files does not match
InnoDB: the log sequence number in the ib_logfiles!
140404 11:20:17  InnoDB: Database was not shut down normally!
InnoDB: Starting crash recovery.
InnoDB: Reading tablespace information from the .ibd files...
InnoDB: Restoring possible half-written data pages from the doublewrite
InnoDB: buffer...
140404 11:20:18  InnoDB: Waiting for the background threads to start
140404 11:20:19 InnoDB: 1.1.8 started; log sequence number 1595675
140404 11:20:19 [Note] Server hostname (bind-address): '127.0.0.1'; port: 3306
140404 11:20:19 [Note]   - '127.0.0.1' resolves to '127.0.0.1';
140404 11:20:19 [Note] Server socket created on IP: '127.0.0.1'.
140404 11:20:19 [Note] Event Scheduler: Loaded 0 events
140404 11:20:19 [Note] \usr\local\mysql-5.5\bin\mysqld.exe: ready for connections.
Version: '5.5.25'  socket: ''  port: 3306  MySQL Community Server (GPL)
140404 11:31:42 [Note] Plugin 'FEDERATED' is disabled.
140404 11:31:42 InnoDB: The InnoDB memory heap is disabled
140404 11:31:42 InnoDB: Mutexes and rw_locks use Windows interlocked functions
140404 11:31:42 InnoDB: Compressed tables use zlib 1.2.3
140404 11:31:42 InnoDB: Initializing buffer pool, size = 128.0M
140404 11:31:42 InnoDB: Completed initialization of buffer pool
140404 11:31:43 InnoDB: highest supported file format is Barracuda.
InnoDB: The log sequence number in ibdata files does not match
InnoDB: the log sequence number in the ib_logfiles!
140404 11:31:43  InnoDB: Database was not shut down normally!
InnoDB: Starting crash recovery.
InnoDB: Reading tablespace information from the .ibd files...
InnoDB: Restoring possible half-written data pages from the doublewrite
InnoDB: buffer...
140404 11:31:43  InnoDB: Waiting for the background threads to start
140404 11:31:44 InnoDB: 1.1.8 started; log sequence number 1595675
140404 11:31:44 [Note] Server hostname (bind-address): '127.0.0.1'; port: 3306
140404 11:31:44 [Note]   - '127.0.0.1' resolves to '127.0.0.1';
140404 11:31:44 [Note] Server socket created on IP: '127.0.0.1'.
140404 11:31:44 [Note] Event Scheduler: Loaded 0 events
140404 11:31:44 [Note] \usr\local\mysql-5.5\bin\mysqld.exe: ready for connections.
Version: '5.5.25'  socket: ''  port: 3306  MySQL Community Server (GPL)
140407 15:10:31 [Note] Plugin 'FEDERATED' is disabled.
140407 15:10:31 InnoDB: The InnoDB memory heap is disabled
140407 15:10:31 InnoDB: Mutexes and rw_locks use Windows interlocked functions
140407 15:10:31 InnoDB: Compressed tables use zlib 1.2.3
140407 15:10:31 InnoDB: Initializing buffer pool, size = 128.0M
140407 15:10:31 InnoDB: Completed initialization of buffer pool
140407 15:10:31 InnoDB: highest supported file format is Barracuda.
InnoDB: The log sequence number in ibdata files does not match
InnoDB: the log sequence number in the ib_logfiles!
140407 15:10:31  InnoDB: Database was not shut down normally!
InnoDB: Starting crash recovery.
InnoDB: Reading tablespace information from the .ibd files...
InnoDB: Restoring possible half-written data pages from the doublewrite
InnoDB: buffer...
140407 15:10:38  InnoDB: Waiting for the background threads to start
140407 15:10:39 InnoDB: 1.1.8 started; log sequence number 1595675
140407 15:10:39 [Note] Server hostname (bind-address): '127.0.0.1'; port: 3306
140407 15:10:39 [Note]   - '127.0.0.1' resolves to '127.0.0.1';
140407 15:10:39 [Note] Server socket created on IP: '127.0.0.1'.
140407 15:10:39 [Note] Event Scheduler: Loaded 0 events
140407 15:10:39 [Note] \usr\local\mysql-5.5\bin\mysqld.exe: ready for connections.
Version: '5.5.25'  socket: ''  port: 3306  MySQL Community Server (GPL)
140408  9:07:24 [Note] Plugin 'FEDERATED' is disabled.
140408  9:07:24 InnoDB: The InnoDB memory heap is disabled
140408  9:07:24 InnoDB: Mutexes and rw_locks use Windows interlocked functions
140408  9:07:24 InnoDB: Compressed tables use zlib 1.2.3
140408  9:07:24 InnoDB: Initializing buffer pool, size = 128.0M
140408  9:07:24 InnoDB: Completed initialization of buffer pool
140408  9:07:24 InnoDB: highest supported file format is Barracuda.
InnoDB: The log sequence number in ibdata files does not match
InnoDB: the log sequence number in the ib_logfiles!
140408  9:07:24  InnoDB: Database was not shut down normally!
InnoDB: Starting crash recovery.
InnoDB: Reading tablespace information from the .ibd files...
InnoDB: Restoring possible half-written data pages from the doublewrite
InnoDB: buffer...
140408  9:07:31  InnoDB: Waiting for the background threads to start
140408  9:07:32 InnoDB: 1.1.8 started; log sequence number 1595675
140408  9:07:32 [Note] Server hostname (bind-address): '127.0.0.1'; port: 3306
140408  9:07:32 [Note]   - '127.0.0.1' resolves to '127.0.0.1';
140408  9:07:32 [Note] Server socket created on IP: '127.0.0.1'.
140408  9:07:32 [Note] Event Scheduler: Loaded 0 events
140408  9:07:32 [Note] \usr\local\mysql-5.5\bin\mysqld.exe: ready for connections.
Version: '5.5.25'  socket: ''  port: 3306  MySQL Community Server (GPL)
140408  9:08:21 [Note] Plugin 'FEDERATED' is disabled.
140408  9:08:21 InnoDB: The InnoDB memory heap is disabled
140408  9:08:21 InnoDB: Mutexes and rw_locks use Windows interlocked functions
140408  9:08:21 InnoDB: Compressed tables use zlib 1.2.3
140408  9:08:21 InnoDB: Initializing buffer pool, size = 128.0M
140408  9:08:21 InnoDB: Completed initialization of buffer pool
140408  9:08:21 InnoDB: highest supported file format is Barracuda.
InnoDB: The log sequence number in ibdata files does not match
InnoDB: the log sequence number in the ib_logfiles!
140408  9:08:21  InnoDB: Database was not shut down normally!
InnoDB: Starting crash recovery.
InnoDB: Reading tablespace information from the .ibd files...
InnoDB: Restoring possible half-written data pages from the doublewrite
InnoDB: buffer...
140408  9:08:21  InnoDB: Waiting for the background threads to start
140408  9:08:22 InnoDB: 1.1.8 started; log sequence number 1595675
140408  9:08:22 [Note] Server hostname (bind-address): '127.0.0.1'; port: 3306
140408  9:08:22 [Note]   - '127.0.0.1' resolves to '127.0.0.1';
140408  9:08:22 [Note] Server socket created on IP: '127.0.0.1'.
140408  9:08:22 [Note] Event Scheduler: Loaded 0 events
140408  9:08:22 [Note] \usr\local\mysql-5.5\bin\mysqld.exe: ready for connections.
Version: '5.5.25'  socket: ''  port: 3306  MySQL Community Server (GPL)
140408  9:09:10 [Note] Plugin 'FEDERATED' is disabled.
140408  9:09:10 InnoDB: The InnoDB memory heap is disabled
140408  9:09:10 InnoDB: Mutexes and rw_locks use Windows interlocked functions
140408  9:09:10 InnoDB: Compressed tables use zlib 1.2.3
140408  9:09:10 InnoDB: Initializing buffer pool, size = 128.0M
140408  9:09:10 InnoDB: Completed initialization of buffer pool
140408  9:09:10 InnoDB: highest supported file format is Barracuda.
InnoDB: The log sequence number in ibdata files does not match
InnoDB: the log sequence number in the ib_logfiles!
140408  9:09:10  InnoDB: Database was not shut down normally!
InnoDB: Starting crash recovery.
InnoDB: Reading tablespace information from the .ibd files...
InnoDB: Restoring possible half-written data pages from the doublewrite
InnoDB: buffer...
140408  9:09:10  InnoDB: Waiting for the background threads to start
140408  9:09:11 InnoDB: 1.1.8 started; log sequence number 1595675
140408  9:09:11 [Note] Server hostname (bind-address): '127.0.0.1'; port: 3306
140408  9:09:11 [Note]   - '127.0.0.1' resolves to '127.0.0.1';
140408  9:09:11 [Note] Server socket created on IP: '127.0.0.1'.
140408  9:09:11 [Note] Event Scheduler: Loaded 0 events
140408  9:09:11 [Note] \usr\local\mysql-5.5\bin\mysqld.exe: ready for connections.
Version: '5.5.25'  socket: ''  port: 3306  MySQL Community Server (GPL)
140408  9:26:10 [Note] Plugin 'FEDERATED' is disabled.
140408  9:26:10 InnoDB: The InnoDB memory heap is disabled
140408  9:26:10 InnoDB: Mutexes and rw_locks use Windows interlocked functions
140408  9:26:10 InnoDB: Compressed tables use zlib 1.2.3
140408  9:26:10 InnoDB: Initializing buffer pool, size = 128.0M
140408  9:26:10 InnoDB: Completed initialization of buffer pool
140408  9:26:11 InnoDB: highest supported file format is Barracuda.
InnoDB: The log sequence number in ibdata files does not match
InnoDB: the log sequence number in the ib_logfiles!
140408  9:26:11  InnoDB: Database was not shut down normally!
InnoDB: Starting crash recovery.
InnoDB: Reading tablespace information from the .ibd files...
InnoDB: Restoring possible half-written data pages from the doublewrite
InnoDB: buffer...
140408  9:26:21  InnoDB: Waiting for the background threads to start
140408  9:26:22 InnoDB: 1.1.8 started; log sequence number 1595675
140408  9:26:22 [Note] Server hostname (bind-address): '127.0.0.1'; port: 3306
140408  9:26:22 [Note]   - '127.0.0.1' resolves to '127.0.0.1';
140408  9:26:22 [Note] Server socket created on IP: '127.0.0.1'.
140408  9:26:22 [Note] Event Scheduler: Loaded 0 events
140408  9:26:22 [Note] \usr\local\mysql-5.5\bin\mysqld.exe: ready for connections.
Version: '5.5.25'  socket: ''  port: 3306  MySQL Community Server (GPL)
140408  9:42:41 [Note] Plugin 'FEDERATED' is disabled.
140408  9:42:41 InnoDB: The InnoDB memory heap is disabled
140408  9:42:41 InnoDB: Mutexes and rw_locks use Windows interlocked functions
140408  9:42:41 InnoDB: Compressed tables use zlib 1.2.3
140408  9:42:41 InnoDB: Initializing buffer pool, size = 128.0M
140408  9:42:41 InnoDB: Completed initialization of buffer pool
140408  9:42:41 InnoDB: highest supported file format is Barracuda.
InnoDB: The log sequence number in ibdata files does not match
InnoDB: the log sequence number in the ib_logfiles!
140408  9:42:41  InnoDB: Database was not shut down normally!
InnoDB: Starting crash recovery.
InnoDB: Reading tablespace information from the .ibd files...
InnoDB: Restoring possible half-written data pages from the doublewrite
InnoDB: buffer...
140408  9:42:42  InnoDB: Waiting for the background threads to start
140408  9:42:43 InnoDB: 1.1.8 started; log sequence number 1595675
140408  9:42:43 [Note] Server hostname (bind-address): '127.0.0.1'; port: 3306
140408  9:42:43 [Note]   - '127.0.0.1' resolves to '127.0.0.1';
140408  9:42:43 [Note] Server socket created on IP: '127.0.0.1'.
140408  9:42:44 [Note] Event Scheduler: Loaded 0 events
140408  9:42:44 [Note] \usr\local\mysql-5.5\bin\mysqld.exe: ready for connections.
Version: '5.5.25'  socket: ''  port: 3306  MySQL Community Server (GPL)
140408 12:22:57 [Note] Plugin 'FEDERATED' is disabled.
140408 12:22:57 InnoDB: The InnoDB memory heap is disabled
140408 12:22:57 InnoDB: Mutexes and rw_locks use Windows interlocked functions
140408 12:22:57 InnoDB: Compressed tables use zlib 1.2.3
140408 12:22:57 InnoDB: Initializing buffer pool, size = 128.0M
140408 12:22:58 InnoDB: Completed initialization of buffer pool
140408 12:22:58 InnoDB: highest supported file format is Barracuda.
InnoDB: The log sequence number in ibdata files does not match
InnoDB: the log sequence number in the ib_logfiles!
140408 12:22:58  InnoDB: Database was not shut down normally!
InnoDB: Starting crash recovery.
InnoDB: Reading tablespace information from the .ibd files...
InnoDB: Restoring possible half-written data pages from the doublewrite
InnoDB: buffer...
140408 12:22:58  InnoDB: Waiting for the background threads to start
140408 12:22:59 InnoDB: 1.1.8 started; log sequence number 1595675
140408 12:22:59 [Note] Server hostname (bind-address): '127.0.0.1'; port: 3306
140408 12:22:59 [Note]   - '127.0.0.1' resolves to '127.0.0.1';
140408 12:22:59 [Note] Server socket created on IP: '127.0.0.1'.
140408 12:22:59 [Note] Event Scheduler: Loaded 0 events
140408 12:22:59 [Note] \usr\local\mysql-5.5\bin\mysqld.exe: ready for connections.
Version: '5.5.25'  socket: ''  port: 3306  MySQL Community Server (GPL)
140408 12:30:28 [Note] Plugin 'FEDERATED' is disabled.
140408 12:30:28 InnoDB: The InnoDB memory heap is disabled
140408 12:30:28 InnoDB: Mutexes and rw_locks use Windows interlocked functions
140408 12:30:28 InnoDB: Compressed tables use zlib 1.2.3
140408 12:30:28 InnoDB: Initializing buffer pool, size = 128.0M
140408 12:30:28 InnoDB: Completed initialization of buffer pool
140408 12:30:28 InnoDB: highest supported file format is Barracuda.
InnoDB: The log sequence number in ibdata files does not match
InnoDB: the log sequence number in the ib_logfiles!
140408 12:30:28  InnoDB: Database was not shut down normally!
InnoDB: Starting crash recovery.
InnoDB: Reading tablespace information from the .ibd files...
InnoDB: Restoring possible half-written data pages from the doublewrite
InnoDB: buffer...
140408 12:30:28  InnoDB: Waiting for the background threads to start
140408 12:30:29 InnoDB: 1.1.8 started; log sequence number 1595675
140408 12:30:29 [Note] Server hostname (bind-address): '127.0.0.1'; port: 3306
140408 12:30:29 [Note]   - '127.0.0.1' resolves to '127.0.0.1';
140408 12:30:29 [Note] Server socket created on IP: '127.0.0.1'.
140408 12:30:29 [Note] Event Scheduler: Loaded 0 events
140408 12:30:29 [Note] \usr\local\mysql-5.5\bin\mysqld.exe: ready for connections.
Version: '5.5.25'  socket: ''  port: 3306  MySQL Community Server (GPL)
140409  8:09:07 [Note] Plugin 'FEDERATED' is disabled.
140409  8:09:07 InnoDB: The InnoDB memory heap is disabled
140409  8:09:07 InnoDB: Mutexes and rw_locks use Windows interlocked functions
140409  8:09:07 InnoDB: Compressed tables use zlib 1.2.3
140409  8:09:07 InnoDB: Initializing buffer pool, size = 128.0M
140409  8:09:07 InnoDB: Completed initialization of buffer pool
140409  8:09:07 InnoDB: highest supported file format is Barracuda.
InnoDB: The log sequence number in ibdata files does not match
InnoDB: the log sequence number in the ib_logfiles!
140409  8:09:07  InnoDB: Database was not shut down normally!
InnoDB: Starting crash recovery.
InnoDB: Reading tablespace information from the .ibd files...
InnoDB: Restoring possible half-written data pages from the doublewrite
InnoDB: buffer...
140409  8:09:08  InnoDB: Waiting for the background threads to start
140409  8:09:09 InnoDB: 1.1.8 started; log sequence number 1595675
140409  8:09:09 [Note] Server hostname (bind-address): '127.0.0.1'; port: 3306
140409  8:09:09 [Note]   - '127.0.0.1' resolves to '127.0.0.1';
140409  8:09:09 [Note] Server socket created on IP: '127.0.0.1'.
140409  8:09:09 [Note] Event Scheduler: Loaded 0 events
140409  8:09:09 [Note] \usr\local\mysql-5.5\bin\mysqld.exe: ready for connections.
Version: '5.5.25'  socket: ''  port: 3306  MySQL Community Server (GPL)
140409  9:25:35 [Note] Plugin 'FEDERATED' is disabled.
140409  9:25:36 InnoDB: The InnoDB memory heap is disabled
140409  9:25:36 InnoDB: Mutexes and rw_locks use Windows interlocked functions
140409  9:25:36 InnoDB: Compressed tables use zlib 1.2.3
140409  9:25:36 InnoDB: Initializing buffer pool, size = 128.0M
140409  9:25:36 InnoDB: Completed initialization of buffer pool
140409  9:25:36 InnoDB: highest supported file format is Barracuda.
InnoDB: The log sequence number in ibdata files does not match
InnoDB: the log sequence number in the ib_logfiles!
140409  9:25:36  InnoDB: Database was not shut down normally!
InnoDB: Starting crash recovery.
InnoDB: Reading tablespace information from the .ibd files...
InnoDB: Restoring possible half-written data pages from the doublewrite
InnoDB: buffer...
140409  9:25:38  InnoDB: Waiting for the background threads to start
140409  9:25:39 InnoDB: 1.1.8 started; log sequence number 1595675
140409  9:25:39 [Note] Server hostname (bind-address): '127.0.0.1'; port: 3306
140409  9:25:39 [Note]   - '127.0.0.1' resolves to '127.0.0.1';
140409  9:25:39 [Note] Server socket created on IP: '127.0.0.1'.
140409  9:25:39 [Note] Event Scheduler: Loaded 0 events
140409  9:25:39 [Note] \usr\local\mysql-5.5\bin\mysqld.exe: ready for connections.
Version: '5.5.25'  socket: ''  port: 3306  MySQL Community Server (GPL)
140409  9:26:38 [Note] Plugin 'FEDERATED' is disabled.
140409  9:26:38 InnoDB: The InnoDB memory heap is disabled
140409  9:26:38 InnoDB: Mutexes and rw_locks use Windows interlocked functions
140409  9:26:38 InnoDB: Compressed tables use zlib 1.2.3
140409  9:26:38 InnoDB: Initializing buffer pool, size = 128.0M
140409  9:26:38 InnoDB: Completed initialization of buffer pool
140409  9:26:38 InnoDB: highest supported file format is Barracuda.
InnoDB: The log sequence number in ibdata files does not match
InnoDB: the log sequence number in the ib_logfiles!
140409  9:26:39  InnoDB: Database was not shut down normally!
InnoDB: Starting crash recovery.
InnoDB: Reading tablespace information from the .ibd files...
InnoDB: Restoring possible half-written data pages from the doublewrite
InnoDB: buffer...
140409  9:26:45  InnoDB: Waiting for the background threads to start
140409  9:26:46 InnoDB: 1.1.8 started; log sequence number 1595675
140409  9:26:46 [Note] Server hostname (bind-address): '127.0.0.1'; port: 3306
140409  9:26:47 [Note]   - '127.0.0.1' resolves to '127.0.0.1';
140409  9:26:47 [Note] Server socket created on IP: '127.0.0.1'.
140409  9:26:47 [Note] Event Scheduler: Loaded 0 events
140409  9:26:47 [Note] \usr\local\mysql-5.5\bin\mysqld.exe: ready for connections.
Version: '5.5.25'  socket: ''  port: 3306  MySQL Community Server (GPL)
